<?xml version="1.0" encoding="UTF-8"?>
<!-- Generated by org.testng.reporters.JUnitReportReporter -->
<testsuite hostname="UNVII" failures="0" tests="12" name="ParallelExecution.Program1" time="0.092" errors="0" timestamp="2025-03-08T13:49:29 IST" skipped="0">
  <testcase classname="ParallelExecution.Program1" name="test6" time="0.002"/>
  <system-out/>
  <testcase classname="ParallelExecution.Program1" name="test1" time="0.003"/>
  <system-out/>
  <testcase classname="ParallelExecution.Program1" name="test6" time="0.002"/>
  <system-out/>
  <testcase classname="ParallelExecution.Program1" name="test2" time="0.030"/>
  <system-out/>
  <testcase classname="ParallelExecution.Program1" name="test4" time="0.005"/>
  <system-out/>
  <testcase classname="ParallelExecution.Program1" name="test2" time="0.004"/>
  <system-out/>
  <testcase classname="ParallelExecution.Program1" name="test4" time="0.003"/>
  <system-out/>
  <testcase classname="ParallelExecution.Program1" name="test5" time="0.004"/>
  <system-out/>
  <testcase classname="ParallelExecution.Program1" name="test1" time="0.030"/>
  <system-out/>
  <testcase classname="ParallelExecution.Program1" name="test3" time="0.003"/>
  <system-out/>
  <testcase classname="ParallelExecution.Program1" name="test5" time="0.002"/>
  <system-out/>
  <testcase classname="ParallelExecution.Program1" name="test3" time="0.004"/>
  <system-out/>
</testsuite> <!-- ParallelExecution.Program1 -->
