<?xml version="1.0" encoding="UTF-8"?>
<!-- Generated by org.testng.reporters.JUnitReportReporter -->
<testsuite hostname="UNVII" failures="0" tests="6" name="Selinium.Testingonly3$Testingonly" time="0.080" errors="0" timestamp="2025-01-25T13:29:24 IST" skipped="0">
  <testcase classname="Selinium.Testingonly3$Testingonly" name="Test1" time="0.050"/>
  <system-out/>
  <testcase classname="Selinium.Testingonly3$Testingonly" name="Test8" time="0.007"/>
  <system-out/>
  <testcase classname="Selinium.Testingonly3$Testingonly" name="Test9" time="0.007"/>
  <system-out/>
  <testcase classname="Selinium.Testingonly3$Testingonly" name="Test10" time="0.005"/>
  <system-out/>
  <testcase classname="Selinium.Testingonly3$Testingonly" name="Test11" time="0.005"/>
  <system-out/>
  <testcase classname="Selinium.Testingonly3$Testingonly" name="Test12" time="0.006"/>
  <system-out/>
</testsuite> <!-- Selinium.Testingonly3$Testingonly -->
