<?xml version="1.0" encoding="UTF-8"?>
<!-- Generated by org.testng.reporters.JUnitReportReporter -->
<testsuite hostname="UNVII" failures="0" tests="6" name="ParallelExecution.Program4" time="0.018" errors="0" timestamp="2025-02-21T18:49:51 IST" skipped="0">
  <testcase classname="ParallelExecution.Program4" name="test20" time="0.003"/>
  <system-out/>
  <testcase classname="ParallelExecution.Program4" name="test19" time="0.002"/>
  <system-out/>
  <testcase classname="ParallelExecution.Program4" name="test18" time="0.006"/>
  <system-out/>
  <testcase classname="ParallelExecution.Program4" name="test22" time="0.002"/>
  <system-out/>
  <testcase classname="ParallelExecution.Program4" name="test23" time="0.003"/>
  <system-out/>
  <testcase classname="ParallelExecution.Program4" name="test21" time="0.002"/>
  <system-out/>
</testsuite> <!-- ParallelExecution.Program4 -->
