<?xml version="1.0" encoding="UTF-8"?>
<!-- Generated by org.testng.reporters.JUnitReportReporter -->
<testsuite hostname="UNVII" failures="0" tests="6" name="Listener.Program1" time="0.026" errors="0" timestamp="2025-02-27T18:40:02 IST" skipped="0">
  <testcase classname="Listener.Program1" name="Test4" time="0.018"/>
  <system-out/>
  <testcase classname="Listener.Program1" name="Test1" time="0.001"/>
  <system-out/>
  <testcase classname="Listener.Program1" name="Test2" time="0.002"/>
  <system-out/>
  <testcase classname="Listener.Program1" name="Test3" time="0.002"/>
  <system-out/>
  <testcase classname="Listener.Program1" name="Test5" time="0.001"/>
  <system-out/>
  <testcase classname="Listener.Program1" name="Test6" time="0.002"/>
  <system-out/>
</testsuite> <!-- Listener.Program1 -->
