<?xml version="1.0" encoding="UTF-8"?>
<!-- Generated by org.testng.reporters.JUnitReportReporter -->
<testsuite hostname="UNVII" failures="0" tests="5" name="Selinium.FlightTheBook" time="0.019" errors="0" timestamp="2025-01-18T21:49:00 IST" skipped="2">
  <testcase classname="Selinium.FlightTheBook" name="signup" time="0.016"/>
  <system-out/>
  <testcase classname="Selinium.FlightTheBook" name="search" time="0.001"/>
  <system-out/>
  <testcase classname="Selinium.FlightTheBook" name="Departingposition" time="0.002"/>
  <system-out/>
  <testcase classname="Selinium.FlightTheBook" name="login">
    <skipped/>
  </testcase> <!-- login -->
  <system-out/>
  <testcase classname="Selinium.FlightTheBook" name="Booktheflight">
    <skipped/>
  </testcase> <!-- Booktheflight -->
  <system-out/>
</testsuite> <!-- Selinium.FlightTheBook -->
