<?xml version="1.0" encoding="UTF-8"?>
<testng-results ignored="13" total="14" passed="1" failed="0" skipped="0">
  <reporter-output>
  </reporter-output>
  <suite started-at="2025-01-23T18:42:01 IST" name="Default suite" finished-at="2025-01-23T18:42:25 IST" duration-ms="24007">
    <groups>
    </groups>
    <test started-at="2025-01-23T18:42:01 IST" name="Default test" finished-at="2025-01-23T18:42:25 IST" duration-ms="24007">
      <class name="Selinium.AaryaDigital">
        <test-method signature="clickon_viewall()[pri:0, instance:Selinium.AaryaDigital@32502377]" started-at="2025-01-23T18:42:01 IST" name="clickon_viewall" finished-at="2025-01-23T18:42:25 IST" duration-ms="23951" status="PASS">
          <reporter-output>
          </reporter-output>
        </test-method> <!-- clickon_viewall -->
      </class> <!-- Selinium.AaryaDigital -->
    </test> <!-- Default test -->
  </suite> <!-- Default suite -->
</testng-results>
