<?xml version="1.0" encoding="UTF-8"?>
<testng-results ignored="15" total="16" passed="1" failed="0" skipped="0">
  <reporter-output>
  </reporter-output>
  <suite started-at="2025-03-26T18:53:03 IST" name="Default suite" finished-at="2025-03-26T18:53:30 IST" duration-ms="27046">
    <groups>
    </groups>
    <test started-at="2025-03-26T18:53:03 IST" name="Default test" finished-at="2025-03-26T18:53:30 IST" duration-ms="27046">
      <class name="Selinium.SeliniumXA">
        <test-method is-config="true" signature="setup()[pri:0, instance:Selinium.SeliniumXA@1ed6388a]" started-at="2025-03-26T18:53:03 IST" name="setup" finished-at="2025-03-26T18:53:11 IST" duration-ms="8033" status="PASS">
          <reporter-output>
          </reporter-output>
        </test-method> <!-- setup -->
        <test-method signature="viewAll()[pri:0, instance:Selinium.SeliniumXA@1ed6388a]" started-at="2025-03-26T18:53:11 IST" name="viewAll" finished-at="2025-03-26T18:53:30 IST" duration-ms="18923" status="PASS">
          <reporter-output>
          </reporter-output>
        </test-method> <!-- viewAll -->
        <test-method is-config="true" signature="quit()[pri:0, instance:Selinium.SeliniumXA@1ed6388a]" started-at="2025-03-26T18:53:30 IST" name="quit" finished-at="2025-03-26T18:53:30 IST" duration-ms="1" status="PASS">
          <reporter-output>
          </reporter-output>
        </test-method> <!-- quit -->
      </class> <!-- Selinium.SeliniumXA -->
    </test> <!-- Default test -->
  </suite> <!-- Default suite -->
</testng-results>
