<?xml version="1.0" encoding="UTF-8"?>
<!-- Generated by org.testng.reporters.JUnitXMLReporter -->
<testsuite ignored="2" hostname="UNVII" failures="0" tests="2" name="Default test" time="0.069" errors="0" timestamp="2025-02-11T15:05:07 IST">
  <testcase classname="Dataprovider.practice1" name="TestData5" time="0.015"/>
  <testcase classname="Dataprovider.practice1" name="TestData5" time="0.001"/>
  <testcase classname="Dataprovider.practice1" name="dp3" time="0.0">
    <ignored/>
  </testcase> <!-- dp3 -->
  <testcase classname="Dataprovider.practice1" name="Testlogin" time="0.0">
    <ignored/>
  </testcase> <!-- Testlogin -->
</testsuite> <!-- Default test -->
