<?xml version="1.0" encoding="UTF-8"?>
<!-- Generated by org.testng.reporters.JUnitXMLReporter -->
<testsuite ignored="0" hostname="UNVII" failures="0" tests="6" name="Test4" time="0.017" errors="0" timestamp="2025-02-21T18:21:25 IST">
  <testcase classname="ParallelExecution.Program4" name="test18" time="0.002"/>
  <testcase classname="ParallelExecution.Program4" name="test19" time="0.003"/>
  <testcase classname="ParallelExecution.Program4" name="test20" time="0.001"/>
  <testcase classname="ParallelExecution.Program4" name="test21" time="0.001"/>
  <testcase classname="ParallelExecution.Program4" name="test22" time="0.002"/>
  <testcase classname="ParallelExecution.Program4" name="test23" time="0.002"/>
</testsuite> <!-- Test4 -->
