<?xml version="1.0" encoding="UTF-8"?>
<!-- Generated by org.testng.reporters.JUnitXMLReporter -->
<testsuite ignored="0" hostname="UNVII" failures="0" tests="6" name="Test1" time="0.118" errors="0" timestamp="2025-03-04T20:40:07 IST">
  <testcase classname="ParallelExecution.Program1" name="test1" time="0.017"/>
  <testcase classname="ParallelExecution.Program1" name="test2" time="0.017"/>
  <testcase classname="ParallelExecution.Program1" name="test3" time="0.001"/>
  <testcase classname="ParallelExecution.Program1" name="test4" time="0.002"/>
  <testcase classname="ParallelExecution.Program1" name="test5" time="0.002"/>
  <testcase classname="ParallelExecution.Program1" name="test6" time="0.002"/>
</testsuite> <!-- Test1 -->
