<?xml version="1.0" encoding="UTF-8"?>
<!-- Generated by org.testng.reporters.JUnitXMLReporter -->
<testsuite ignored="15" hostname="UNVII" failures="0" tests="1" name="Check login with mail" time="36.181" errors="0" timestamp="2025-06-04T18:32:52 IST">
  <testcase classname="Selinium.SeliniumXA" name="loginWithMailTest" time="2.97"/>
  <testcase classname="Selinium.SeliniumXA" name="viewAllTest" time="0.0">
    <ignored/>
  </testcase> <!-- viewAllTest -->
  <testcase classname="Selinium.SeliniumXA" name="wrongOtpLoginTest" time="0.0">
    <ignored/>
  </testcase> <!-- wrongOtpLoginTest -->
  <testcase classname="Selinium.SeliniumXA" name="subscriptionTest" time="0.0">
    <ignored/>
  </testcase> <!-- subscriptionTest -->
  <testcase classname="Selinium.SeliniumXA" name="verifyCurrentUrlTest" time="0.0">
    <ignored/>
  </testcase> <!-- verifyCurrentUrlTest -->
  <testcase classname="Selinium.SeliniumXA" name="filterButtonClickTest" time="0.0">
    <ignored/>
  </testcase> <!-- filterButtonClickTest -->
  <testcase classname="Selinium.SeliniumXA" name="playStoreButtonTest" time="0.0">
    <ignored/>
  </testcase> <!-- playStoreButtonTest -->
  <testcase classname="Selinium.SeliniumXA" name="filterValuesTest" time="0.0">
    <ignored/>
  </testcase> <!-- filterValuesTest -->
  <testcase classname="Selinium.SeliniumXA" name="playVideoTest" time="0.0">
    <ignored/>
  </testcase> <!-- playVideoTest -->
  <testcase classname="Selinium.SeliniumXA" name="logoutTest" time="0.0">
    <ignored/>
  </testcase> <!-- logoutTest -->
  <testcase classname="Selinium.SeliniumXA" name="detailedPageWithoutLoginTest" time="0.0">
    <ignored/>
  </testcase> <!-- detailedPageWithoutLoginTest -->
  <testcase classname="Selinium.SeliniumXA" name="searchVideoTest" time="0.0">
    <ignored/>
  </testcase> <!-- searchVideoTest -->
  <testcase classname="Selinium.SeliniumXA" name="footerTermsAndConditionsTest" time="0.0">
    <ignored/>
  </testcase> <!-- footerTermsAndConditionsTest -->
  <testcase classname="Selinium.SeliniumXA" name="updateProfileTest" time="0.0">
    <ignored/>
  </testcase> <!-- updateProfileTest -->
  <testcase classname="Selinium.SeliniumXA" name="loginWithPhoneNumber" time="0.0">
    <ignored/>
  </testcase> <!-- loginWithPhoneNumber -->
  <testcase classname="Selinium.SeliniumXA" name="buyRentVideoTest" time="0.0">
    <ignored/>
  </testcase> <!-- buyRentVideoTest -->
</testsuite> <!-- Check login with mail -->
