<?xml version="1.0" encoding="UTF-8"?>
<!-- Generated by org.testng.reporters.JUnitXMLReporter -->
<testsuite ignored="14" hostname="UNVII" failures="1" tests="2" name="Click on ViewAll  " time="21.384" errors="0" timestamp="2025-02-23T10:22:22 IST">
  <testcase classname="Selinium.SeliniumXA" name="login" time="7.844"/>
  <testcase classname="Selinium.SeliniumXA" name="viewAll" time="5.267">
    <failure type="org.openqa.selenium.ElementClickInterceptedException" message="element click intercepted: Element is not clickable at point (224, 1119)
  (Session info: chrome=133.0.6943.127)
Build info: version: &amp;apos;4.28.1&amp;apos;, revision: &amp;apos;73f5ad48a2&amp;apos;
System info: os.name: &amp;apos;Windows 11&amp;apos;, os.arch: &amp;apos;amd64&amp;apos;, os.version: &amp;apos;10.0&amp;apos;, java.version: &amp;apos;22.0.2&amp;apos;
Driver info: org.openqa.selenium.chrome.ChromeDriver
Command: [135fef0c1aeea686030e105026dc6195, clickElement {id=f.F8F257C8C5CCA9415587ED08083B45DA.d.E2A7ADDDE11553A23FDF7DE94AFBCE5A.e.19}]
Capabilities {acceptInsecureCerts: false, browserName: chrome, browserVersion: 133.0.6943.127, chrome: {chromedriverVersion: 133.0.6943.126 (cffa127ce7b..., userDataDir: C:\Users\Yash\AppData\Local...}, fedcm:accounts: true, goog:chromeOptions: {debuggerAddress: localhost:50273}, networkConnectionEnabled: false, pageLoadStrategy: normal, platformName: windows, proxy: Proxy(), se:cdp: ws://localhost:50273/devtoo..., se:cdpVersion: 133.0.6943.127, setWindowRect: true, strictFileInteractability: false, timeouts: {implicit: 0, pageLoad: 300000, script: 30000}, unhandledPromptBehavior: dismiss and notify, webauthn:extension:credBlob: true, webauthn:extension:largeBlob: true, webauthn:extension:minPinLength: true, webauthn:extension:prf: true, webauthn:virtualAuthenticators: true}
Element: [[ChromeDriver: chrome on windows (135fef0c1aeea686030e105026dc6195)] -&amp;gt; xpath: //a[@href=&amp;quot;/View/home/trending-movies/311&amp;quot;]]
Session ID: 135fef0c1aeea686030e105026dc6195">
      <![CDATA[org.openqa.selenium.ElementClickInterceptedException: element click intercepted: Element is not clickable at point (224, 1119)
  (Session info: chrome=133.0.6943.127)
Build info: version: '4.28.1', revision: '73f5ad48a2'
System info: os.name: 'Windows 11', os.arch: 'amd64', os.version: '10.0', java.version: '22.0.2'
Driver info: org.openqa.selenium.chrome.ChromeDriver
Command: [135fef0c1aeea686030e105026dc6195, clickElement {id=f.F8F257C8C5CCA9415587ED08083B45DA.d.E2A7ADDDE11553A23FDF7DE94AFBCE5A.e.19}]
Capabilities {acceptInsecureCerts: false, browserName: chrome, browserVersion: 133.0.6943.127, chrome: {chromedriverVersion: 133.0.6943.126 (cffa127ce7b..., userDataDir: C:\Users\Yash\AppData\Local...}, fedcm:accounts: true, goog:chromeOptions: {debuggerAddress: localhost:50273}, networkConnectionEnabled: false, pageLoadStrategy: normal, platformName: windows, proxy: Proxy(), se:cdp: ws://localhost:50273/devtoo..., se:cdpVersion: 133.0.6943.127, setWindowRect: true, strictFileInteractability: false, timeouts: {implicit: 0, pageLoad: 300000, script: 30000}, unhandledPromptBehavior: dismiss and notify, webauthn:extension:credBlob: true, webauthn:extension:largeBlob: true, webauthn:extension:minPinLength: true, webauthn:extension:prf: true, webauthn:virtualAuthenticators: true}
Element: [[ChromeDriver: chrome on windows (135fef0c1aeea686030e105026dc6195)] -> xpath: //a[@href="/View/home/trending-movies/311"]]
Session ID: 135fef0c1aeea686030e105026dc6195
at org.openqa.selenium.remote.ErrorCodec.decode(ErrorCodec.java:167)
at org.openqa.selenium.remote.codec.w3c.W3CHttpResponseCodec.decode(W3CHttpResponseCodec.java:138)
at org.openqa.selenium.remote.codec.w3c.W3CHttpResponseCodec.decode(W3CHttpResponseCodec.java:50)
at org.openqa.selenium.remote.HttpCommandExecutor.execute(HttpCommandExecutor.java:215)
at org.openqa.selenium.remote.service.DriverCommandExecutor.invokeExecute(DriverCommandExecutor.java:216)
at org.openqa.selenium.remote.service.DriverCommandExecutor.execute(DriverCommandExecutor.java:174)
at org.openqa.selenium.remote.RemoteWebDriver.execute(RemoteWebDriver.java:545)
at org.openqa.selenium.remote.RemoteWebElement.execute(RemoteWebElement.java:223)
at org.openqa.selenium.remote.RemoteWebElement.click(RemoteWebElement.java:76)
at Selinium.SeliniumXA.viewAll(SeliniumXA.java:389)
at java.base/java.util.ArrayList.forEach(ArrayList.java:1597)
... Removed 28 stack frames]]>
    </failure>
  </testcase> <!-- viewAll -->
  <testcase classname="Selinium.SeliniumXA" name="clickonprofile" time="0.0">
    <ignored/>
  </testcase> <!-- clickonprofile -->
  <testcase classname="Selinium.SeliniumXA" name="footerbutton" time="0.0">
    <ignored/>
  </testcase> <!-- footerbutton -->
  <testcase classname="Selinium.SeliniumXA" name="watchvideo" time="0.0">
    <ignored/>
  </testcase> <!-- watchvideo -->
  <testcase classname="Selinium.SeliniumXA" name="clickfilterbutton" time="0.0">
    <ignored/>
  </testcase> <!-- clickfilterbutton -->
  <testcase classname="Selinium.SeliniumXA" name="javaExecutor" time="0.0">
    <ignored/>
  </testcase> <!-- javaExecutor -->
  <testcase classname="Selinium.SeliniumXA" name="subscription" time="0.0">
    <ignored/>
  </testcase> <!-- subscription -->
  <testcase classname="Selinium.SeliniumXA" name="wrongcreditanals" time="0.0">
    <ignored/>
  </testcase> <!-- wrongcreditanals -->
  <testcase classname="Selinium.SeliniumXA" name="searchvideo" time="0.0">
    <ignored/>
  </testcase> <!-- searchvideo -->
  <testcase classname="Selinium.SeliniumXA" name="clickOnFilterButtonandScrollbucket" time="0.0">
    <ignored/>
  </testcase> <!-- clickOnFilterButtonandScrollbucket -->
  <testcase classname="Selinium.SeliniumXA" name="withoutloginDetailedpage" time="0.0">
    <ignored/>
  </testcase> <!-- withoutloginDetailedpage -->
  <testcase classname="Selinium.SeliniumXA" name="logout" time="0.0">
    <ignored/>
  </testcase> <!-- logout -->
  <testcase classname="Selinium.SeliniumXA" name="Buyrentvideo" time="0.0">
    <ignored/>
  </testcase> <!-- Buyrentvideo -->
  <testcase classname="Selinium.SeliniumXA" name="mailId" time="0.0">
    <ignored/>
  </testcase> <!-- mailId -->
  <testcase classname="Selinium.SeliniumXA" name="verifyurl" time="0.0">
    <ignored/>
  </testcase> <!-- verifyurl -->
</testsuite> <!-- Click on ViewAll   -->
