<?xml version="1.0" encoding="UTF-8"?>
<!-- Generated by org.testng.reporters.JUnitXMLReporter -->
<testsuite ignored="7" hostname="UNVII" failures="0" tests="0" time="0.001" errors="0" timestamp="2025-01-20T10:33:28 IST">
  <testcase classname="Selinium.AaryaDigital" name="watchvideo" time="0.0">
    <ignored/>
  </testcase> <!-- watchvideo -->
  <testcase classname="Selinium.AaryaDigital" name="profile" time="0.0">
    <ignored/>
  </testcase> <!-- profile -->
  <testcase classname="Selinium.AaryaDigital" name="loginWithWrongCreditanals" time="0.0">
    <ignored/>
  </testcase> <!-- loginWithWrongCreditanals -->
  <testcase classname="Selinium.AaryaDigital" name="login" time="0.0">
    <ignored/>
  </testcase> <!-- login -->
  <testcase classname="Selinium.AaryaDigital" name="url" time="0.0">
    <ignored/>
  </testcase> <!-- url -->
  <testcase classname="Selinium.AaryaDigital" name="searchVideo" time="0.0">
    <ignored/>
  </testcase> <!-- searchVideo -->
  <testcase classname="Selinium.AaryaDigital" name="subscription" time="0.0">
    <ignored/>
  </testcase> <!-- subscription -->
</testsuite>
