<?xml version="1.0" encoding="UTF-8"?>
<!-- Generated by org.testng.reporters.JUnitXMLReporter -->
<testsuite ignored="15" hostname="UNVII" failures="0" tests="2" name="Click on ViewAll " time="48.492" errors="0" timestamp="2025-03-27T07:47:25 IST">
  <testcase classname="Selinium.SeliniumXA" name="login" time="10.837"/>
  <testcase classname="Selinium.SeliniumXA" name="viewAll" time="20.277"/>
  <testcase classname="Selinium.SeliniumXA" name="clickonViewAllButtonCheckDataIsvisible" time="0.0">
    <ignored/>
  </testcase> <!-- clickonViewAllButtonCheckDataIsvisible -->
  <testcase classname="Selinium.SeliniumXA" name="clickonprofile" time="0.0">
    <ignored/>
  </testcase> <!-- clickonprofile -->
  <testcase classname="Selinium.SeliniumXA" name="footerbutton" time="0.0">
    <ignored/>
  </testcase> <!-- footerbutton -->
  <testcase classname="Selinium.SeliniumXA" name="clickfilterbutton" time="0.0">
    <ignored/>
  </testcase> <!-- clickfilterbutton -->
  <testcase classname="Selinium.SeliniumXA" name="watchvideo" time="0.0">
    <ignored/>
  </testcase> <!-- watchvideo -->
  <testcase classname="Selinium.SeliniumXA" name="javaExecutor" time="0.0">
    <ignored/>
  </testcase> <!-- javaExecutor -->
  <testcase classname="Selinium.SeliniumXA" name="subscription" time="0.0">
    <ignored/>
  </testcase> <!-- subscription -->
  <testcase classname="Selinium.SeliniumXA" name="wrongcreditanals" time="0.0">
    <ignored/>
  </testcase> <!-- wrongcreditanals -->
  <testcase classname="Selinium.SeliniumXA" name="searchvideo" time="0.0">
    <ignored/>
  </testcase> <!-- searchvideo -->
  <testcase classname="Selinium.SeliniumXA" name="clickOnFilterButtonandScrollbucket" time="0.0">
    <ignored/>
  </testcase> <!-- clickOnFilterButtonandScrollbucket -->
  <testcase classname="Selinium.SeliniumXA" name="withoutloginDetailedpage" time="0.0">
    <ignored/>
  </testcase> <!-- withoutloginDetailedpage -->
  <testcase classname="Selinium.SeliniumXA" name="logout" time="0.0">
    <ignored/>
  </testcase> <!-- logout -->
  <testcase classname="Selinium.SeliniumXA" name="Buyrentvideo" time="0.0">
    <ignored/>
  </testcase> <!-- Buyrentvideo -->
  <testcase classname="Selinium.SeliniumXA" name="mailId" time="0.0">
    <ignored/>
  </testcase> <!-- mailId -->
  <testcase classname="Selinium.SeliniumXA" name="verifyurl" time="0.0">
    <ignored/>
  </testcase> <!-- verifyurl -->
</testsuite> <!-- Click on ViewAll  -->
