<?xml version="1.0" encoding="UTF-8"?>
<!-- Generated by org.testng.reporters.JUnitXMLReporter -->
<testsuite ignored="15" hostname="UNVII" failures="1" tests="1" name="Click Footer Button" time="7.319" errors="0" timestamp="2025-06-01T22:05:46 IST">
  <testcase classname="Selinium.SeliniumXA" name="footerTermsAndConditionsTest" time="2.838">
    <failure type="org.openqa.selenium.ElementClickInterceptedException" message="element click intercepted: Element is not clickable at point (513, 1398)
  (Session info: chrome=137.0.7151.55)
Build info: version: &amp;apos;4.29.0&amp;apos;, revision: &amp;apos;5fc1ec94cb&amp;apos;
System info: os.name: &amp;apos;Windows 11&amp;apos;, os.arch: &amp;apos;amd64&amp;apos;, os.version: &amp;apos;10.0&amp;apos;, java.version: &amp;apos;22.0.2&amp;apos;
Driver info: org.openqa.selenium.chrome.ChromeDriver
Command: [83d9694433904ad94eb6e2271aa58950, clickElement {id=f.87F90C92E725A458966D4944D06512D5.d.0E5413DF10375FDDC21376D4A7085358.e.11}]
Capabilities {acceptInsecureCerts: false, browserName: chrome, browserVersion: 137.0.7151.55, chrome: {chromedriverVersion: 137.0.7151.55 (254bc711794d..., userDataDir: C:\Users\Yash\AppData\Local...}, fedcm:accounts: true, goog:chromeOptions: {debuggerAddress: localhost:65273}, networkConnectionEnabled: false, pageLoadStrategy: normal, platformName: windows, proxy: Proxy(), se:cdp: ws://localhost:65273/devtoo..., se:cdpVersion: 137.0.7151.55, setWindowRect: true, strictFileInteractability: false, timeouts: {implicit: 0, pageLoad: 300000, script: 30000}, unhandledPromptBehavior: dismiss and notify, webauthn:extension:credBlob: true, webauthn:extension:largeBlob: true, webauthn:extension:minPinLength: true, webauthn:extension:prf: true, webauthn:virtualAuthenticators: true}
Element: [[ChromeDriver: chrome on windows (83d9694433904ad94eb6e2271aa58950)] -&amp;gt; xpath: //span[normalize-space()=&amp;apos;Terms and Conditions&amp;apos;]]
Session ID: 83d9694433904ad94eb6e2271aa58950">
      <![CDATA[org.openqa.selenium.ElementClickInterceptedException: element click intercepted: Element is not clickable at point (513, 1398)
  (Session info: chrome=137.0.7151.55)
Build info: version: '4.29.0', revision: '5fc1ec94cb'
System info: os.name: 'Windows 11', os.arch: 'amd64', os.version: '10.0', java.version: '22.0.2'
Driver info: org.openqa.selenium.chrome.ChromeDriver
Command: [83d9694433904ad94eb6e2271aa58950, clickElement {id=f.87F90C92E725A458966D4944D06512D5.d.0E5413DF10375FDDC21376D4A7085358.e.11}]
Capabilities {acceptInsecureCerts: false, browserName: chrome, browserVersion: 137.0.7151.55, chrome: {chromedriverVersion: 137.0.7151.55 (254bc711794d..., userDataDir: C:\Users\Yash\AppData\Local...}, fedcm:accounts: true, goog:chromeOptions: {debuggerAddress: localhost:65273}, networkConnectionEnabled: false, pageLoadStrategy: normal, platformName: windows, proxy: Proxy(), se:cdp: ws://localhost:65273/devtoo..., se:cdpVersion: 137.0.7151.55, setWindowRect: true, strictFileInteractability: false, timeouts: {implicit: 0, pageLoad: 300000, script: 30000}, unhandledPromptBehavior: dismiss and notify, webauthn:extension:credBlob: true, webauthn:extension:largeBlob: true, webauthn:extension:minPinLength: true, webauthn:extension:prf: true, webauthn:virtualAuthenticators: true}
Element: [[ChromeDriver: chrome on windows (83d9694433904ad94eb6e2271aa58950)] -> xpath: //span[normalize-space()='Terms and Conditions']]
Session ID: 83d9694433904ad94eb6e2271aa58950
at org.openqa.selenium.remote.ErrorCodec.decode(ErrorCodec.java:167)
at org.openqa.selenium.remote.codec.w3c.W3CHttpResponseCodec.decode(W3CHttpResponseCodec.java:138)
at org.openqa.selenium.remote.codec.w3c.W3CHttpResponseCodec.decode(W3CHttpResponseCodec.java:50)
at org.openqa.selenium.remote.HttpCommandExecutor.execute(HttpCommandExecutor.java:215)
at org.openqa.selenium.remote.service.DriverCommandExecutor.invokeExecute(DriverCommandExecutor.java:216)
at org.openqa.selenium.remote.service.DriverCommandExecutor.execute(DriverCommandExecutor.java:174)
at org.openqa.selenium.remote.RemoteWebDriver.execute(RemoteWebDriver.java:545)
at org.openqa.selenium.remote.RemoteWebElement.execute(RemoteWebElement.java:223)
at org.openqa.selenium.remote.RemoteWebElement.click(RemoteWebElement.java:76)
at Selinium.SeliniumXA.footerTermsAndConditionsTest(SeliniumXA.java:135)
at java.base/java.util.ArrayList.forEach(ArrayList.java:1597)
... Removed 28 stack frames]]>
    </failure>
  </testcase> <!-- footerTermsAndConditionsTest -->
  <testcase classname="Selinium.SeliniumXA" name="viewAllTest" time="0.0">
    <ignored/>
  </testcase> <!-- viewAllTest -->
  <testcase classname="Selinium.SeliniumXA" name="wrongOtpLoginTest" time="0.0">
    <ignored/>
  </testcase> <!-- wrongOtpLoginTest -->
  <testcase classname="Selinium.SeliniumXA" name="subscriptionTest" time="0.0">
    <ignored/>
  </testcase> <!-- subscriptionTest -->
  <testcase classname="Selinium.SeliniumXA" name="verifyCurrentUrlTest" time="0.0">
    <ignored/>
  </testcase> <!-- verifyCurrentUrlTest -->
  <testcase classname="Selinium.SeliniumXA" name="loginWithMailTest" time="0.0">
    <ignored/>
  </testcase> <!-- loginWithMailTest -->
  <testcase classname="Selinium.SeliniumXA" name="filterButtonClickTest" time="0.0">
    <ignored/>
  </testcase> <!-- filterButtonClickTest -->
  <testcase classname="Selinium.SeliniumXA" name="playStoreButtonTest" time="0.0">
    <ignored/>
  </testcase> <!-- playStoreButtonTest -->
  <testcase classname="Selinium.SeliniumXA" name="filterValuesTest" time="0.0">
    <ignored/>
  </testcase> <!-- filterValuesTest -->
  <testcase classname="Selinium.SeliniumXA" name="playVideoTest" time="0.0">
    <ignored/>
  </testcase> <!-- playVideoTest -->
  <testcase classname="Selinium.SeliniumXA" name="loginTest" time="0.0">
    <ignored/>
  </testcase> <!-- loginTest -->
  <testcase classname="Selinium.SeliniumXA" name="detailedPageWithoutLoginTest" time="0.0">
    <ignored/>
  </testcase> <!-- detailedPageWithoutLoginTest -->
  <testcase classname="Selinium.SeliniumXA" name="logoutTest" time="0.0">
    <ignored/>
  </testcase> <!-- logoutTest -->
  <testcase classname="Selinium.SeliniumXA" name="searchVideoTest" time="0.0">
    <ignored/>
  </testcase> <!-- searchVideoTest -->
  <testcase classname="Selinium.SeliniumXA" name="updateProfileTest" time="0.0">
    <ignored/>
  </testcase> <!-- updateProfileTest -->
  <testcase classname="Selinium.SeliniumXA" name="buyRentVideoTest" time="0.0">
    <ignored/>
  </testcase> <!-- buyRentVideoTest -->
</testsuite> <!-- Click Footer Button -->
