<?xml version="1.0" encoding="UTF-8"?>
<!-- Generated by org.testng.reporters.JUnitXMLReporter -->
<testsuite ignored="7" hostname="UNVII" failures="1" tests="1" name="login with Wrong Creditanals" time="11.084" errors="0" timestamp="2025-01-21T16:09:33 IST">
  <testcase classname="Selinium.AaryaDigital" name="loginWithWrongCreditanals" time="11.077">
    <failure type="java.lang.AssertionError" message="expected [Verify OTP.] but found [Verify OTP]">
      <![CDATA[java.lang.AssertionError: expected [Verify OTP.] but found [Verify OTP]
at Selinium.AaryaDigital.loginWithWrongCreditanals(AaryaDigital.java:235)
at java.base/java.util.ArrayList.forEach(ArrayList.java:1597)
... Removed 31 stack frames]]>
    </failure>
  </testcase> <!-- loginWithWrongCreditanals -->
  <testcase classname="Selinium.AaryaDigital" name="watchvideo" time="0.0">
    <ignored/>
  </testcase> <!-- watchvideo -->
  <testcase classname="Selinium.AaryaDigital" name="profile" time="0.0">
    <ignored/>
  </testcase> <!-- profile -->
  <testcase classname="Selinium.AaryaDigital" name="clickonfooterbutton" time="0.0">
    <ignored/>
  </testcase> <!-- clickonfooterbutton -->
  <testcase classname="Selinium.AaryaDigital" name="login" time="0.0">
    <ignored/>
  </testcase> <!-- login -->
  <testcase classname="Selinium.AaryaDigital" name="url" time="0.0">
    <ignored/>
  </testcase> <!-- url -->
  <testcase classname="Selinium.AaryaDigital" name="subscription" time="0.0">
    <ignored/>
  </testcase> <!-- subscription -->
  <testcase classname="Selinium.AaryaDigital" name="searchVideo" time="0.0">
    <ignored/>
  </testcase> <!-- searchVideo -->
</testsuite> <!-- login with Wrong Creditanals -->
