<?xml version="1.0" encoding="UTF-8"?>
<!-- Generated by org.testng.reporters.JUnitXMLReporter -->
<testsuite ignored="13" hostname="UNVII" failures="0" tests="1" name="login " time="24.733" errors="0" timestamp="2025-01-31T17:46:06 IST">
  <testcase classname="Selinium.AaryaDigital" name="login" time="24.55"/>
  <testcase classname="Selinium.AaryaDigital" name="watchvideo" time="0.0">
    <ignored/>
  </testcase> <!-- watchvideo -->
  <testcase classname="Selinium.AaryaDigital" name="profile" time="0.0">
    <ignored/>
  </testcase> <!-- profile -->
  <testcase classname="Selinium.AaryaDigital" name="loginwithmailid" time="0.0">
    <ignored/>
  </testcase> <!-- loginwithmailid -->
  <testcase classname="Selinium.AaryaDigital" name="clickonfooterbutton" time="0.0">
    <ignored/>
  </testcase> <!-- clickonfooterbutton -->
  <testcase classname="Selinium.AaryaDigital" name="logout" time="0.0">
    <ignored/>
  </testcase> <!-- logout -->
  <testcase classname="Selinium.AaryaDigital" name="url" time="0.0">
    <ignored/>
  </testcase> <!-- url -->
  <testcase classname="Selinium.AaryaDigital" name="searchVideo" time="0.0">
    <ignored/>
  </testcase> <!-- searchVideo -->
  <testcase classname="Selinium.AaryaDigital" name="subscription" time="0.0">
    <ignored/>
  </testcase> <!-- subscription -->
  <testcase classname="Selinium.AaryaDigital" name="withoutloginDetailedpage" time="0.0">
    <ignored/>
  </testcase> <!-- withoutloginDetailedpage -->
  <testcase classname="Selinium.AaryaDigital" name="clickon_viewall" time="0.0">
    <ignored/>
  </testcase> <!-- clickon_viewall -->
  <testcase classname="Selinium.AaryaDigital" name="buyrent_video" time="0.0">
    <ignored/>
  </testcase> <!-- buyrent_video -->
  <testcase classname="Selinium.AaryaDigital" name="loginWithWrongCreditanals" time="0.0">
    <ignored/>
  </testcase> <!-- loginWithWrongCreditanals -->
  <testcase classname="Selinium.AaryaDigital" name="WithoutLoginUserClickOnFooterButtonRedirectToHomepage" time="0.0">
    <ignored/>
  </testcase> <!-- WithoutLoginUserClickOnFooterButtonRedirectToHomepage -->
</testsuite> <!-- login  -->
