<?xml version="1.0" encoding="UTF-8"?>
<!-- Generated by org.testng.reporters.JUnitXMLReporter -->
<testsuite ignored="12" hostname="UNVII" failures="0" tests="1" name="logout" time="20.192" errors="0" timestamp="2025-01-23T18:05:01 IST">
  <testcase classname="Selinium.AaryaDigital" name="logout" time="20.19"/>
  <testcase classname="Selinium.AaryaDigital" name="watchvideo" time="0.0">
    <ignored/>
  </testcase> <!-- watchvideo -->
  <testcase classname="Selinium.AaryaDigital" name="profile" time="0.0">
    <ignored/>
  </testcase> <!-- profile -->
  <testcase classname="Selinium.AaryaDigital" name="withoutloginDetailedpage" time="0.0">
    <ignored/>
  </testcase> <!-- withoutloginDetailedpage -->
  <testcase classname="Selinium.AaryaDigital" name="loginwithmailid" time="0.0">
    <ignored/>
  </testcase> <!-- loginwithmailid -->
  <testcase classname="Selinium.AaryaDigital" name="clickonfooterbutton" time="0.0">
    <ignored/>
  </testcase> <!-- clickonfooterbutton -->
  <testcase classname="Selinium.AaryaDigital" name="buyrent_video" time="0.0">
    <ignored/>
  </testcase> <!-- buyrent_video -->
  <testcase classname="Selinium.AaryaDigital" name="loginWithWrongCreditanals" time="0.0">
    <ignored/>
  </testcase> <!-- loginWithWrongCreditanals -->
  <testcase classname="Selinium.AaryaDigital" name="login" time="0.0">
    <ignored/>
  </testcase> <!-- login -->
  <testcase classname="Selinium.AaryaDigital" name="WithoutLoginUserClickOnFooterButtonRedirectToHomepage" time="0.0">
    <ignored/>
  </testcase> <!-- WithoutLoginUserClickOnFooterButtonRedirectToHomepage -->
  <testcase classname="Selinium.AaryaDigital" name="url" time="0.0">
    <ignored/>
  </testcase> <!-- url -->
  <testcase classname="Selinium.AaryaDigital" name="subscription" time="0.0">
    <ignored/>
  </testcase> <!-- subscription -->
  <testcase classname="Selinium.AaryaDigital" name="searchVideo" time="0.0">
    <ignored/>
  </testcase> <!-- searchVideo -->
</testsuite> <!-- logout -->
