<?xml version="1.0" encoding="UTF-8"?>
<!-- Generated by org.testng.reporters.JUnitXMLReporter -->
<testsuite ignored="13" hostname="UNVII" failures="0" tests="2" name="mailId " time="33.923" errors="0" timestamp="2025-02-16T07:56:12 IST">
  <testcase classname="Selinium.SeliniumXA" name="login" time="8.262"/>
  <testcase classname="Selinium.SeliniumXA" name="mailId" time="11.735"/>
  <testcase classname="Selinium.SeliniumXA" name="clickonprofile" time="0.0">
    <ignored/>
  </testcase> <!-- clickonprofile -->
  <testcase classname="Selinium.SeliniumXA" name="footerbutton" time="0.0">
    <ignored/>
  </testcase> <!-- footerbutton -->
  <testcase classname="Selinium.SeliniumXA" name="clickfilterbutton" time="0.0">
    <ignored/>
  </testcase> <!-- clickfilterbutton -->
  <testcase classname="Selinium.SeliniumXA" name="watchvideo" time="0.0">
    <ignored/>
  </testcase> <!-- watchvideo -->
  <testcase classname="Selinium.SeliniumXA" name="javaExecutor" time="0.0">
    <ignored/>
  </testcase> <!-- javaExecutor -->
  <testcase classname="Selinium.SeliniumXA" name="subscription" time="0.0">
    <ignored/>
  </testcase> <!-- subscription -->
  <testcase classname="Selinium.SeliniumXA" name="wrongcreditanals" time="0.0">
    <ignored/>
  </testcase> <!-- wrongcreditanals -->
  <testcase classname="Selinium.SeliniumXA" name="viewAll" time="0.0">
    <ignored/>
  </testcase> <!-- viewAll -->
  <testcase classname="Selinium.SeliniumXA" name="searchvideo" time="0.0">
    <ignored/>
  </testcase> <!-- searchvideo -->
  <testcase classname="Selinium.SeliniumXA" name="withoutloginDetailedpage" time="0.0">
    <ignored/>
  </testcase> <!-- withoutloginDetailedpage -->
  <testcase classname="Selinium.SeliniumXA" name="logout" time="0.0">
    <ignored/>
  </testcase> <!-- logout -->
  <testcase classname="Selinium.SeliniumXA" name="Buyrentvideo" time="0.0">
    <ignored/>
  </testcase> <!-- Buyrentvideo -->
  <testcase classname="Selinium.SeliniumXA" name="verifyurl" time="0.0">
    <ignored/>
  </testcase> <!-- verifyurl -->
</testsuite> <!-- mailId  -->
